<?xml version="1.0" encoding="UTF-8"?>
<!-- Generated by org.testng.reporters.JUnitReportReporter -->
<testsuite hostname="Ajeetpal" name="Demo.ExtractJson" tests="1" failures="0" timestamp="31 Oct 2019 11:19:57 GMT" time="2.908" errors="0">
  <testcase name="test_data" time="2.908" classname="Demo.ExtractJson"/>
</testsuite> <!-- Demo.ExtractJson -->
