<?xml version="1.0" encoding="UTF-8"?>
<!-- Generated by org.testng.reporters.JUnitReportReporter -->
<testsuite hostname="Ajeetpal" name="Demo.RestAssure" tests="1" failures="0" timestamp="31 Oct 2019 07:17:48 GMT" time="1.850" errors="0">
  <testcase name="getbook" time="1.850" classname="Demo.RestAssure"/>
</testsuite> <!-- Demo.RestAssure -->
